<?xml version="1.0" encoding="UTF-8"?><testrun name="com.usu.command.test" project="Assignment 3" tests="18" started="18" failures="2" errors="0" ignored="0">
  <testsuite name="com.usu.command.test.MoveHorizontalCommandTest" time="0.594">
    <testcase name="MoveHorizontalTest_MoveValue0" classname="com.usu.command.test.MoveHorizontalCommandTest" time="0.437"/>
    <testcase name="MoveHorizontalTest_MoveValue" classname="com.usu.command.test.MoveHorizontalCommandTest" time="0.157"/>
  </testsuite>
  <testsuite name="com.usu.command.test.NewCommandTest" time="4.042">
    <testcase name="NewCommandExecuteTest" classname="com.usu.command.test.NewCommandTest" time="4.042"/>
  </testsuite>
  <testsuite name="com.usu.command.test.RemoveSelectedTest" time="4.033">
    <testcase name="RemoveSelectedExecuteTest" classname="com.usu.command.test.RemoveSelectedTest" time="4.033"/>
  </testsuite>
  <testsuite name="com.usu.command.test.AddCommandTest" time="0.129">
    <testcase name="AddCommandTest_AllCorrect" classname="com.usu.command.test.AddCommandTest" time="0.003">
      <failure>java.lang.AssertionError: expected:&lt;1&gt; but was:&lt;0&gt;&#13;
	at org.junit.Assert.fail(Assert.java:88)&#13;
	at org.junit.Assert.failNotEquals(Assert.java:834)&#13;
	at org.junit.Assert.assertEquals(Assert.java:645)&#13;
	at org.junit.Assert.assertEquals(Assert.java:631)&#13;
	at com.usu.command.test.AddCommandTest.AddCommandTest_AllCorrect(AddCommandTest.java:61)&#13;
	at sun.reflect.NativeMethodAccessorImpl.invoke0(Native Method)&#13;
	at sun.reflect.NativeMethodAccessorImpl.invoke(Unknown Source)&#13;
	at sun.reflect.DelegatingMethodAccessorImpl.invoke(Unknown Source)&#13;
	at java.lang.reflect.Method.invoke(Unknown Source)&#13;
	at org.junit.runners.model.FrameworkMethod$1.runReflectiveCall(FrameworkMethod.java:50)&#13;
	at org.junit.internal.runners.model.ReflectiveCallable.run(ReflectiveCallable.java:12)&#13;
	at org.junit.runners.model.FrameworkMethod.invokeExplosively(FrameworkMethod.java:47)&#13;
	at org.junit.internal.runners.statements.InvokeMethod.evaluate(InvokeMethod.java:17)&#13;
	at org.junit.runners.ParentRunner.runLeaf(ParentRunner.java:325)&#13;
	at org.junit.runners.BlockJUnit4ClassRunner.runChild(BlockJUnit4ClassRunner.java:78)&#13;
	at org.junit.runners.BlockJUnit4ClassRunner.runChild(BlockJUnit4ClassRunner.java:57)&#13;
	at org.junit.runners.ParentRunner$3.run(ParentRunner.java:290)&#13;
	at org.junit.runners.ParentRunner$1.schedule(ParentRunner.java:71)&#13;
	at org.junit.runners.ParentRunner.runChildren(ParentRunner.java:288)&#13;
	at org.junit.runners.ParentRunner.access$000(ParentRunner.java:58)&#13;
	at org.junit.runners.ParentRunner$2.evaluate(ParentRunner.java:268)&#13;
	at org.junit.runners.ParentRunner.run(ParentRunner.java:363)&#13;
	at org.eclipse.jdt.internal.junit4.runner.JUnit4TestReference.run(JUnit4TestReference.java:86)&#13;
	at org.eclipse.jdt.internal.junit.runner.TestExecution.run(TestExecution.java:38)&#13;
	at org.eclipse.jdt.internal.junit.runner.RemoteTestRunner.runTests(RemoteTestRunner.java:459)&#13;
	at org.eclipse.jdt.internal.junit.runner.RemoteTestRunner.runTests(RemoteTestRunner.java:678)&#13;
	at org.eclipse.jdt.internal.junit.runner.RemoteTestRunner.run(RemoteTestRunner.java:382)&#13;
	at org.eclipse.jdt.internal.junit.runner.RemoteTestRunner.main(RemoteTestRunner.java:192)&#13;
&#13;
</failure>
    </testcase>
    <testcase name="AddCommandTest_NullLocation" classname="com.usu.command.test.AddCommandTest" time="0.0"/>
    <testcase name="AddCommandTest_EmptyLocation" classname="com.usu.command.test.AddCommandTest" time="0.126"/>
    <testcase name="AddCommandTest_NullShapeType" classname="com.usu.command.test.AddCommandTest" time="0.0"/>
    <testcase name="AddCommandTest_EmptyShapeType" classname="com.usu.command.test.AddCommandTest" time="0.0"/>
  </testsuite>
  <testsuite name="com.usu.command.test.SelectCommandTest" time="0.378">
    <testcase name="SelectCommandTest_EmptyLocation" classname="com.usu.command.test.SelectCommandTest" time="0.127"/>
    <testcase name="SelectCommandTest_NullLocation" classname="com.usu.command.test.SelectCommandTest" time="0.124"/>
    <testcase name="SelectCommandTest_AllCorrect" classname="com.usu.command.test.SelectCommandTest" time="0.126"/>
  </testsuite>
  <testsuite name="com.usu.command.test.DeselctCommandTest" time="3.917">
    <testcase name="DeselctCommandExecuteTest" classname="com.usu.command.test.DeselctCommandTest" time="3.917"/>
  </testsuite>
  <testsuite name="com.usu.command.test.MoveVerticalCommandTest" time="0.253">
    <testcase name="MoveVerticalTest_MoveValue" classname="com.usu.command.test.MoveVerticalCommandTest" time="0.127">
      <failure>java.lang.AssertionError: expected:&lt;20&gt; but was:&lt;0&gt;&#13;
	at org.junit.Assert.fail(Assert.java:88)&#13;
	at org.junit.Assert.failNotEquals(Assert.java:834)&#13;
	at org.junit.Assert.assertEquals(Assert.java:645)&#13;
	at org.junit.Assert.assertEquals(Assert.java:631)&#13;
	at com.usu.command.test.MoveVerticalCommandTest.MoveVerticalTest_MoveValue(MoveVerticalCommandTest.java:43)&#13;
	at sun.reflect.NativeMethodAccessorImpl.invoke0(Native Method)&#13;
	at sun.reflect.NativeMethodAccessorImpl.invoke(Unknown Source)&#13;
	at sun.reflect.DelegatingMethodAccessorImpl.invoke(Unknown Source)&#13;
	at java.lang.reflect.Method.invoke(Unknown Source)&#13;
	at org.junit.runners.model.FrameworkMethod$1.runReflectiveCall(FrameworkMethod.java:50)&#13;
	at org.junit.internal.runners.model.ReflectiveCallable.run(ReflectiveCallable.java:12)&#13;
	at org.junit.runners.model.FrameworkMethod.invokeExplosively(FrameworkMethod.java:47)&#13;
	at org.junit.internal.runners.statements.InvokeMethod.evaluate(InvokeMethod.java:17)&#13;
	at org.junit.runners.ParentRunner.runLeaf(ParentRunner.java:325)&#13;
	at org.junit.runners.BlockJUnit4ClassRunner.runChild(BlockJUnit4ClassRunner.java:78)&#13;
	at org.junit.runners.BlockJUnit4ClassRunner.runChild(BlockJUnit4ClassRunner.java:57)&#13;
	at org.junit.runners.ParentRunner$3.run(ParentRunner.java:290)&#13;
	at org.junit.runners.ParentRunner$1.schedule(ParentRunner.java:71)&#13;
	at org.junit.runners.ParentRunner.runChildren(ParentRunner.java:288)&#13;
	at org.junit.runners.ParentRunner.access$000(ParentRunner.java:58)&#13;
	at org.junit.runners.ParentRunner$2.evaluate(ParentRunner.java:268)&#13;
	at org.junit.runners.ParentRunner.run(ParentRunner.java:363)&#13;
	at org.eclipse.jdt.internal.junit4.runner.JUnit4TestReference.run(JUnit4TestReference.java:86)&#13;
	at org.eclipse.jdt.internal.junit.runner.TestExecution.run(TestExecution.java:38)&#13;
	at org.eclipse.jdt.internal.junit.runner.RemoteTestRunner.runTests(RemoteTestRunner.java:459)&#13;
	at org.eclipse.jdt.internal.junit.runner.RemoteTestRunner.runTests(RemoteTestRunner.java:678)&#13;
	at org.eclipse.jdt.internal.junit.runner.RemoteTestRunner.run(RemoteTestRunner.java:382)&#13;
	at org.eclipse.jdt.internal.junit.runner.RemoteTestRunner.main(RemoteTestRunner.java:192)&#13;
&#13;
</failure>
    </testcase>
    <testcase name="MoveVerticalTest_MoveValue0" classname="com.usu.command.test.MoveVerticalCommandTest" time="0.126"/>
  </testsuite>
  <testsuite name="com.usu.command.test.LoadCommandTest" time="2.698">
    <testcase name="LoadCommandTest_FileCorrect" classname="com.usu.command.test.LoadCommandTest" time="1.024"/>
    <testcase name="LoadCommandTest_FileNameEmpty" classname="com.usu.command.test.LoadCommandTest" time="1.67"/>
    <testcase name="LoadCommandTest_FileNameNull" classname="com.usu.command.test.LoadCommandTest" time="0.004"/>
  </testsuite>
</testrun>
