<?xml version="1.0" encoding="UTF-8"?><testrun name="com.usu.command.test" project="Assignment 3" tests="21" started="21" failures="0" errors="2" ignored="0">
  <testsuite name="com.usu.command.test.MoveHorizontalCommandTest" time="0.59">
    <testcase name="MoveHorizontalTest_MoveValue0" classname="com.usu.command.test.MoveHorizontalCommandTest" time="0.433"/>
    <testcase name="MoveHorizontalTest_MoveValue" classname="com.usu.command.test.MoveHorizontalCommandTest" time="0.157"/>
  </testsuite>
  <testsuite name="com.usu.command.test.SaveCommandTest" time="0.996">
    <testcase name="LoadCommandTest_FileCorrect" classname="com.usu.command.test.SaveCommandTest" time="0.989"/>
    <testcase name="LoadCommandTest_FileNameEmpty" classname="com.usu.command.test.SaveCommandTest" time="0.007">
      <error>com.amazonaws.AmazonClientException: Unable to calculate MD5 hash:  (The system cannot find the path specified)&#13;
	at com.amazonaws.services.s3.AmazonS3Client.putObject(AmazonS3Client.java:1332)&#13;
	at com.usu.drawingGUI.DrawingPalette.save(DrawingPalette.java:158)&#13;
	at com.usu.command.SaveCommand.execute(SaveCommand.java:20)&#13;
	at com.usu.command.test.SaveCommandTest.LoadCommandTest_FileNameEmpty(SaveCommandTest.java:35)&#13;
	at sun.reflect.NativeMethodAccessorImpl.invoke0(Native Method)&#13;
	at sun.reflect.NativeMethodAccessorImpl.invoke(Unknown Source)&#13;
	at sun.reflect.DelegatingMethodAccessorImpl.invoke(Unknown Source)&#13;
	at java.lang.reflect.Method.invoke(Unknown Source)&#13;
	at org.junit.runners.model.FrameworkMethod$1.runReflectiveCall(FrameworkMethod.java:50)&#13;
	at org.junit.internal.runners.model.ReflectiveCallable.run(ReflectiveCallable.java:12)&#13;
	at org.junit.runners.model.FrameworkMethod.invokeExplosively(FrameworkMethod.java:47)&#13;
	at org.junit.internal.runners.statements.InvokeMethod.evaluate(InvokeMethod.java:17)&#13;
	at org.junit.runners.ParentRunner.runLeaf(ParentRunner.java:325)&#13;
	at org.junit.runners.BlockJUnit4ClassRunner.runChild(BlockJUnit4ClassRunner.java:78)&#13;
	at org.junit.runners.BlockJUnit4ClassRunner.runChild(BlockJUnit4ClassRunner.java:57)&#13;
	at org.junit.runners.ParentRunner$3.run(ParentRunner.java:290)&#13;
	at org.junit.runners.ParentRunner$1.schedule(ParentRunner.java:71)&#13;
	at org.junit.runners.ParentRunner.runChildren(ParentRunner.java:288)&#13;
	at org.junit.runners.ParentRunner.access$000(ParentRunner.java:58)&#13;
	at org.junit.runners.ParentRunner$2.evaluate(ParentRunner.java:268)&#13;
	at org.junit.runners.ParentRunner.run(ParentRunner.java:363)&#13;
	at org.eclipse.jdt.internal.junit4.runner.JUnit4TestReference.run(JUnit4TestReference.java:86)&#13;
	at org.eclipse.jdt.internal.junit.runner.TestExecution.run(TestExecution.java:38)&#13;
	at org.eclipse.jdt.internal.junit.runner.RemoteTestRunner.runTests(RemoteTestRunner.java:459)&#13;
	at org.eclipse.jdt.internal.junit.runner.RemoteTestRunner.runTests(RemoteTestRunner.java:678)&#13;
	at org.eclipse.jdt.internal.junit.runner.RemoteTestRunner.run(RemoteTestRunner.java:382)&#13;
	at org.eclipse.jdt.internal.junit.runner.RemoteTestRunner.main(RemoteTestRunner.java:192)&#13;
Caused by: java.io.FileNotFoundException:  (The system cannot find the path specified)&#13;
	at java.io.FileInputStream.open0(Native Method)&#13;
	at java.io.FileInputStream.open(Unknown Source)&#13;
	at java.io.FileInputStream.&lt;init&gt;(Unknown Source)&#13;
	at com.amazonaws.util.Md5Utils.computeMD5Hash(Md5Utils.java:97)&#13;
	at com.amazonaws.util.Md5Utils.md5AsBase64(Md5Utils.java:104)&#13;
	at com.amazonaws.services.s3.AmazonS3Client.putObject(AmazonS3Client.java:1329)&#13;
	... 26 more&#13;
&#13;
</error>
    </testcase>
    <testcase name="LoadCommandTest_FileNameNull" classname="com.usu.command.test.SaveCommandTest" time="0.0">
      <error>java.lang.NullPointerException&#13;
	at java.io.File.&lt;init&gt;(Unknown Source)&#13;
	at com.usu.drawingGUI.DrawingPalette.save(DrawingPalette.java:148)&#13;
	at com.usu.command.SaveCommand.execute(SaveCommand.java:20)&#13;
	at com.usu.command.test.SaveCommandTest.LoadCommandTest_FileNameNull(SaveCommandTest.java:23)&#13;
	at sun.reflect.NativeMethodAccessorImpl.invoke0(Native Method)&#13;
	at sun.reflect.NativeMethodAccessorImpl.invoke(Unknown Source)&#13;
	at sun.reflect.DelegatingMethodAccessorImpl.invoke(Unknown Source)&#13;
	at java.lang.reflect.Method.invoke(Unknown Source)&#13;
	at org.junit.runners.model.FrameworkMethod$1.runReflectiveCall(FrameworkMethod.java:50)&#13;
	at org.junit.internal.runners.model.ReflectiveCallable.run(ReflectiveCallable.java:12)&#13;
	at org.junit.runners.model.FrameworkMethod.invokeExplosively(FrameworkMethod.java:47)&#13;
	at org.junit.internal.runners.statements.InvokeMethod.evaluate(InvokeMethod.java:17)&#13;
	at org.junit.runners.ParentRunner.runLeaf(ParentRunner.java:325)&#13;
	at org.junit.runners.BlockJUnit4ClassRunner.runChild(BlockJUnit4ClassRunner.java:78)&#13;
	at org.junit.runners.BlockJUnit4ClassRunner.runChild(BlockJUnit4ClassRunner.java:57)&#13;
	at org.junit.runners.ParentRunner$3.run(ParentRunner.java:290)&#13;
	at org.junit.runners.ParentRunner$1.schedule(ParentRunner.java:71)&#13;
	at org.junit.runners.ParentRunner.runChildren(ParentRunner.java:288)&#13;
	at org.junit.runners.ParentRunner.access$000(ParentRunner.java:58)&#13;
	at org.junit.runners.ParentRunner$2.evaluate(ParentRunner.java:268)&#13;
	at org.junit.runners.ParentRunner.run(ParentRunner.java:363)&#13;
	at org.eclipse.jdt.internal.junit4.runner.JUnit4TestReference.run(JUnit4TestReference.java:86)&#13;
	at org.eclipse.jdt.internal.junit.runner.TestExecution.run(TestExecution.java:38)&#13;
	at org.eclipse.jdt.internal.junit.runner.RemoteTestRunner.runTests(RemoteTestRunner.java:459)&#13;
	at org.eclipse.jdt.internal.junit.runner.RemoteTestRunner.runTests(RemoteTestRunner.java:678)&#13;
	at org.eclipse.jdt.internal.junit.runner.RemoteTestRunner.run(RemoteTestRunner.java:382)&#13;
	at org.eclipse.jdt.internal.junit.runner.RemoteTestRunner.main(RemoteTestRunner.java:192)&#13;
&#13;
</error>
    </testcase>
  </testsuite>
  <testsuite name="com.usu.command.test.NewCommandTest" time="4.023">
    <testcase name="NewCommandExecuteTest" classname="com.usu.command.test.NewCommandTest" time="4.023"/>
  </testsuite>
  <testsuite name="com.usu.command.test.RemoveSelectedTest" time="4.041">
    <testcase name="RemoveSelectedExecuteTest" classname="com.usu.command.test.RemoveSelectedTest" time="4.041"/>
  </testsuite>
  <testsuite name="com.usu.command.test.AddCommandTest" time="0.266">
    <testcase name="AddCommandTest_AllCorrect" classname="com.usu.command.test.AddCommandTest" time="0.129"/>
    <testcase name="AddCommandTest_NullLocation" classname="com.usu.command.test.AddCommandTest" time="0.001"/>
    <testcase name="AddCommandTest_EmptyLocation" classname="com.usu.command.test.AddCommandTest" time="0.135"/>
    <testcase name="AddCommandTest_NullShapeType" classname="com.usu.command.test.AddCommandTest" time="0.0"/>
    <testcase name="AddCommandTest_EmptyShapeType" classname="com.usu.command.test.AddCommandTest" time="0.001"/>
  </testsuite>
  <testsuite name="com.usu.command.test.SelectCommandTest" time="0.385">
    <testcase name="SelectCommandTest_EmptyLocation" classname="com.usu.command.test.SelectCommandTest" time="0.128"/>
    <testcase name="SelectCommandTest_NullLocation" classname="com.usu.command.test.SelectCommandTest" time="0.131"/>
    <testcase name="SelectCommandTest_AllCorrect" classname="com.usu.command.test.SelectCommandTest" time="0.126"/>
  </testsuite>
  <testsuite name="com.usu.command.test.DeselctCommandTest" time="3.905">
    <testcase name="DeselctCommandExecuteTest" classname="com.usu.command.test.DeselctCommandTest" time="3.905"/>
  </testsuite>
  <testsuite name="com.usu.command.test.MoveVerticalCommandTest" time="0.258">
    <testcase name="MoveVerticalTest_MoveValue" classname="com.usu.command.test.MoveVerticalCommandTest" time="0.13"/>
    <testcase name="MoveVerticalTest_MoveValue0" classname="com.usu.command.test.MoveVerticalCommandTest" time="0.127"/>
  </testsuite>
  <testsuite name="com.usu.command.test.LoadCommandTest" time="0.677">
    <testcase name="LoadCommandTest_FileCorrect" classname="com.usu.command.test.LoadCommandTest" time="0.213"/>
    <testcase name="LoadCommandTest_FileNameEmpty" classname="com.usu.command.test.LoadCommandTest" time="0.462"/>
    <testcase name="LoadCommandTest_FileNameNull" classname="com.usu.command.test.LoadCommandTest" time="0.002"/>
  </testsuite>
</testrun>
